2024/07/10 13:25:58 [notice] 1#1: using the "epoll" event method
2024/07/10 13:25:58 [notice] 1#1: nginx/1.27.0
2024/07/10 13:25:58 [notice] 1#1: built by gcc 12.2.0 (Debian 12.2.0-14) 
2024/07/10 13:25:58 [notice] 1#1: OS: Linux 5.15.49-linuxkit
2024/07/10 13:25:58 [notice] 1#1: getrlimit(RLIMIT_NOFILE): 1048576:1048576
2024/07/10 13:25:58 [notice] 1#1: start worker processes
2024/07/10 13:25:58 [notice] 1#1: start worker process 19
2024/07/10 13:25:58 [notice] 1#1: start worker process 20
2024/07/10 13:25:58 [notice] 1#1: start worker process 21
2024/07/10 13:25:58 [notice] 1#1: start worker process 22
2024/07/10 13:25:58 [notice] 1#1: start worker process 23
2024/07/10 13:26:18 [notice] 1#1: signal 3 (SIGQUIT) received, shutting down
2024/07/10 13:26:19 [notice] 20#20: gracefully shutting down
2024/07/10 13:26:19 [notice] 23#23: gracefully shutting down
2024/07/10 13:26:19 [notice] 23#23: exiting
2024/07/10 13:26:19 [notice] 19#19: gracefully shutting down
2024/07/10 13:26:19 [notice] 21#21: gracefully shutting down
2024/07/10 13:26:19 [notice] 21#21: exiting
2024/07/10 13:26:19 [notice] 22#22: gracefully shutting down
2024/07/10 13:26:19 [notice] 20#20: exiting
2024/07/10 13:26:19 [notice] 23#23: exit
2024/07/10 13:26:19 [notice] 19#19: exiting
2024/07/10 13:26:19 [notice] 21#21: exit
2024/07/10 13:26:19 [notice] 22#22: exiting
2024/07/10 13:26:19 [notice] 20#20: exit
2024/07/10 13:26:19 [notice] 19#19: exit
2024/07/10 13:26:19 [notice] 22#22: exit
2024/07/10 13:26:19 [notice] 1#1: signal 17 (SIGCHLD) received from 20
2024/07/10 13:26:19 [notice] 1#1: worker process 20 exited with code 0
2024/07/10 13:26:19 [notice] 1#1: worker process 21 exited with code 0
2024/07/10 13:26:19 [notice] 1#1: worker process 19 exited with code 0
2024/07/10 13:26:19 [notice] 1#1: worker process 22 exited with code 0
2024/07/10 13:26:19 [notice] 1#1: worker process 23 exited with code 0
2024/07/10 13:26:19 [notice] 1#1: exit
2024/07/10 13:27:39 [notice] 1#1: using the "epoll" event method
2024/07/10 13:27:39 [notice] 1#1: nginx/1.27.0
2024/07/10 13:27:39 [notice] 1#1: built by gcc 12.2.0 (Debian 12.2.0-14) 
2024/07/10 13:27:39 [notice] 1#1: OS: Linux 5.15.49-linuxkit
2024/07/10 13:27:39 [notice] 1#1: getrlimit(RLIMIT_NOFILE): 1048576:1048576
2024/07/10 13:27:39 [notice] 1#1: start worker processes
2024/07/10 13:27:39 [notice] 1#1: start worker process 20
2024/07/10 13:27:39 [notice] 1#1: start worker process 21
2024/07/10 13:27:39 [notice] 1#1: start worker process 22
2024/07/10 13:27:39 [notice] 1#1: start worker process 23
2024/07/10 13:27:39 [notice] 1#1: start worker process 24
2024/07/10 13:38:46 [notice] 1#1: signal 3 (SIGQUIT) received, shutting down
2024/07/10 13:38:46 [notice] 21#21: gracefully shutting down
2024/07/10 13:38:46 [notice] 24#24: gracefully shutting down
2024/07/10 13:38:46 [notice] 23#23: gracefully shutting down
2024/07/10 13:38:46 [notice] 20#20: gracefully shutting down
2024/07/10 13:38:46 [notice] 22#22: gracefully shutting down
2024/07/10 13:38:46 [notice] 21#21: exiting
2024/07/10 13:38:46 [notice] 23#23: exiting
2024/07/10 13:38:46 [notice] 24#24: exiting
2024/07/10 13:38:46 [notice] 20#20: exiting
2024/07/10 13:38:46 [notice] 22#22: exiting
2024/07/10 13:38:46 [notice] 21#21: exit
2024/07/10 13:38:46 [notice] 23#23: exit
2024/07/10 13:38:46 [notice] 24#24: exit
2024/07/10 13:38:46 [notice] 20#20: exit
2024/07/10 13:38:46 [notice] 22#22: exit
2024/07/10 13:38:46 [notice] 1#1: signal 17 (SIGCHLD) received from 24
2024/07/10 13:38:46 [notice] 1#1: worker process 24 exited with code 0
2024/07/10 13:38:46 [notice] 1#1: signal 29 (SIGIO) received
2024/07/10 13:38:46 [notice] 1#1: signal 17 (SIGCHLD) received from 20
2024/07/10 13:38:46 [notice] 1#1: worker process 20 exited with code 0
2024/07/10 13:38:46 [notice] 1#1: worker process 21 exited with code 0
2024/07/10 13:38:46 [notice] 1#1: signal 29 (SIGIO) received
2024/07/10 13:38:46 [notice] 1#1: signal 17 (SIGCHLD) received from 21
2024/07/10 13:38:46 [notice] 1#1: worker process 22 exited with code 0
2024/07/10 13:38:46 [notice] 1#1: signal 17 (SIGCHLD) received from 22
2024/07/10 13:38:46 [notice] 1#1: worker process 23 exited with code 0
2024/07/10 13:38:46 [notice] 1#1: exit
2024/07/10 13:39:50 [notice] 1#1: using the "epoll" event method
2024/07/10 13:39:50 [notice] 1#1: nginx/1.27.0
2024/07/10 13:39:50 [notice] 1#1: built by gcc 12.2.0 (Debian 12.2.0-14) 
2024/07/10 13:39:50 [notice] 1#1: OS: Linux 5.15.49-linuxkit
2024/07/10 13:39:50 [notice] 1#1: getrlimit(RLIMIT_NOFILE): 1048576:1048576
2024/07/10 13:39:50 [notice] 1#1: start worker processes
2024/07/10 13:39:50 [notice] 1#1: start worker process 20
2024/07/10 13:39:50 [notice] 1#1: start worker process 21
2024/07/10 13:39:50 [notice] 1#1: start worker process 22
2024/07/10 13:39:50 [notice] 1#1: start worker process 23
2024/07/10 13:39:50 [notice] 1#1: start worker process 24
2024/07/10 13:44:38 [notice] 1#1: signal 3 (SIGQUIT) received, shutting down
2024/07/10 13:44:38 [notice] 20#20: gracefully shutting down
2024/07/10 13:44:38 [notice] 21#21: gracefully shutting down
2024/07/10 13:44:38 [notice] 23#23: gracefully shutting down
2024/07/10 13:44:38 [notice] 22#22: gracefully shutting down
2024/07/10 13:44:38 [notice] 24#24: gracefully shutting down
2024/07/10 13:44:38 [notice] 20#20: exiting
2024/07/10 13:44:38 [notice] 21#21: exiting
2024/07/10 13:44:38 [notice] 23#23: exiting
2024/07/10 13:44:38 [notice] 22#22: exiting
2024/07/10 13:44:38 [notice] 24#24: exiting
2024/07/10 13:44:38 [notice] 20#20: exit
2024/07/10 13:44:38 [notice] 21#21: exit
2024/07/10 13:44:38 [notice] 23#23: exit
2024/07/10 13:44:38 [notice] 22#22: exit
2024/07/10 13:44:38 [notice] 24#24: exit
2024/07/10 13:44:38 [notice] 1#1: signal 17 (SIGCHLD) received from 21
2024/07/10 13:44:38 [notice] 1#1: worker process 21 exited with code 0
2024/07/10 13:44:38 [notice] 1#1: signal 29 (SIGIO) received
2024/07/10 13:44:38 [notice] 1#1: signal 17 (SIGCHLD) received from 20
2024/07/10 13:44:38 [notice] 1#1: worker process 20 exited with code 0
2024/07/10 13:44:38 [notice] 1#1: worker process 24 exited with code 0
2024/07/10 13:44:38 [notice] 1#1: signal 29 (SIGIO) received
2024/07/10 13:44:38 [notice] 1#1: signal 17 (SIGCHLD) received from 23
2024/07/10 13:44:38 [notice] 1#1: worker process 23 exited with code 0
2024/07/10 13:44:38 [notice] 1#1: signal 29 (SIGIO) received
2024/07/10 13:44:38 [notice] 1#1: signal 17 (SIGCHLD) received from 22
2024/07/10 13:44:38 [notice] 1#1: worker process 22 exited with code 0
2024/07/10 13:44:38 [notice] 1#1: exit
2024/07/10 13:45:34 [notice] 1#1: using the "epoll" event method
2024/07/10 13:45:34 [notice] 1#1: nginx/1.27.0
2024/07/10 13:45:34 [notice] 1#1: built by gcc 12.2.0 (Debian 12.2.0-14) 
2024/07/10 13:45:34 [notice] 1#1: OS: Linux 5.15.49-linuxkit
2024/07/10 13:45:34 [notice] 1#1: getrlimit(RLIMIT_NOFILE): 1048576:1048576
2024/07/10 13:45:34 [notice] 1#1: start worker processes
2024/07/10 13:45:34 [notice] 1#1: start worker process 19
2024/07/10 13:45:34 [notice] 1#1: start worker process 20
2024/07/10 13:45:34 [notice] 1#1: start worker process 21
2024/07/10 13:45:34 [notice] 1#1: start worker process 22
2024/07/10 13:45:34 [notice] 1#1: start worker process 23
2024/07/10 13:51:00 [notice] 1#1: signal 3 (SIGQUIT) received, shutting down
2024/07/10 13:51:00 [notice] 21#21: gracefully shutting down
2024/07/10 13:51:00 [notice] 21#21: exiting
2024/07/10 13:51:00 [notice] 23#23: gracefully shutting down
2024/07/10 13:51:00 [notice] 22#22: gracefully shutting down
2024/07/10 13:51:00 [notice] 19#19: gracefully shutting down
2024/07/10 13:51:00 [notice] 20#20: gracefully shutting down
2024/07/10 13:51:00 [notice] 21#21: exit
2024/07/10 13:51:00 [notice] 23#23: exiting
2024/07/10 13:51:00 [notice] 22#22: exiting
2024/07/10 13:51:00 [notice] 19#19: exiting
2024/07/10 13:51:00 [notice] 20#20: exiting
2024/07/10 13:51:00 [notice] 20#20: exit
2024/07/10 13:51:00 [notice] 23#23: exit
2024/07/10 13:51:00 [notice] 22#22: exit
2024/07/10 13:51:00 [notice] 19#19: exit
2024/07/10 13:51:00 [notice] 1#1: signal 17 (SIGCHLD) received from 23
2024/07/10 13:51:00 [notice] 1#1: worker process 23 exited with code 0
2024/07/10 13:51:00 [notice] 1#1: signal 29 (SIGIO) received
2024/07/10 13:51:00 [notice] 1#1: signal 17 (SIGCHLD) received from 22
2024/07/10 13:51:00 [notice] 1#1: worker process 20 exited with code 0
2024/07/10 13:51:00 [notice] 1#1: worker process 22 exited with code 0
2024/07/10 13:51:00 [notice] 1#1: signal 29 (SIGIO) received
2024/07/10 13:51:00 [notice] 1#1: signal 17 (SIGCHLD) received from 20
2024/07/10 13:51:00 [notice] 1#1: worker process 19 exited with code 0
2024/07/10 13:51:00 [notice] 1#1: worker process 21 exited with code 0
2024/07/10 13:51:00 [notice] 1#1: exit
2024/07/10 13:51:31 [notice] 1#1: using the "epoll" event method
2024/07/10 13:51:31 [notice] 1#1: nginx/1.27.0
2024/07/10 13:51:31 [notice] 1#1: built by gcc 12.2.0 (Debian 12.2.0-14) 
2024/07/10 13:51:31 [notice] 1#1: OS: Linux 5.15.49-linuxkit
2024/07/10 13:51:31 [notice] 1#1: getrlimit(RLIMIT_NOFILE): 1048576:1048576
2024/07/10 13:51:31 [notice] 1#1: start worker processes
2024/07/10 13:51:31 [notice] 1#1: start worker process 19
2024/07/10 13:51:31 [notice] 1#1: start worker process 20
2024/07/10 13:51:31 [notice] 1#1: start worker process 21
2024/07/10 13:51:31 [notice] 1#1: start worker process 22
2024/07/10 13:51:31 [notice] 1#1: start worker process 23
